# JRE version: OpenJDK Runtime Environment (8.0_242-b01) (build 1.8.0_242-release-1644-b01)
# Java VM: OpenJDK 64-Bit Server VM (25.242-b01 mixed mode windows-amd64 compressed oops)
Heap:
 PSYoungGen      total 641024K, used 529493K [0x00000000d5580000, 0x0000000100000000, 0x0000000100000000)
  eden space 583168K, 86% used [0x00000000d5580000,0x00000000f43d86e8,0x00000000f8f00000)
  from space 57856K, 40% used [0x00000000f8f00000,0x00000000fa5bcdb0,0x00000000fc780000)
  to   space 54784K, 0% used [0x00000000fca80000,0x00000000fca80000,0x0000000100000000)
 ParOldGen       total 286720K, used 251022K [0x0000000080000000, 0x0000000091800000, 0x00000000d5580000)
  object space 286720K, 87% used [0x0000000080000000,0x000000008f523bd0,0x0000000091800000)
 Metaspace       used 118636K, capacity 124234K, committed 124456K, reserved 1157120K
  class space    used 15210K, capacity 16303K, committed 16448K, reserved 1048576K
GC Heap History (10 events):
Event: 3121.231 GC heap before
{Heap before GC invocations=36 (full 5):
 PSYoungGen      total 649728K, used 629600K [0x00000000d5580000, 0x00000000ff980000, 0x0000000100000000)
  eden space 615424K, 100% used [0x00000000d5580000,0x00000000fae80000,0x00000000fae80000)
  from space 34304K, 41% used [0x00000000fd800000,0x00000000fe5d8218,0x00000000ff980000)
  to   space 38400K, 0% used [0x00000000fae80000,0x00000000fae80000,0x00000000fd400000)
 ParOldGen       total 286720K, used 155610K [0x0000000080000000, 0x0000000091800000, 0x00000000d5580000)
  object space 286720K, 54% used [0x0000000080000000,0x00000000897f6a70,0x0000000091800000)
 Metaspace       used 115130K, capacity 119874K, committed 120744K, reserved 1155072K
  class space    used 14802K, capacity 15755K, committed 16064K, reserved 1048576K
Event: 3121.270 GC heap after
Heap after GC invocations=36 (full 5):
 PSYoungGen      total 653824K, used 24357K [0x00000000d5580000, 0x0000000100000000, 0x0000000100000000)
  eden space 615424K, 0% used [0x00000000d5580000,0x00000000d5580000,0x00000000fae80000)
  from space 38400K, 63% used [0x00000000fae80000,0x00000000fc649520,0x00000000fd400000)
  to   space 39424K, 0% used [0x00000000fd980000,0x00000000fd980000,0x0000000100000000)
 ParOldGen       total 286720K, used 159869K [0x0000000080000000, 0x0000000091800000, 0x00000000d5580000)
  object space 286720K, 55% used [0x0000000080000000,0x0000000089c1f6e8,0x0000000091800000)
 Metaspace       used 115130K, capacity 119874K, committed 120744K, reserved 1155072K
  class space    used 14802K, capacity 15755K, committed 16064K, reserved 1048576K
}
Event: 3122.556 GC heap before
{Heap before GC invocations=37 (full 5):
 PSYoungGen      total 653824K, used 639781K [0x00000000d5580000, 0x0000000100000000, 0x0000000100000000)
  eden space 615424K, 100% used [0x00000000d5580000,0x00000000fae80000,0x00000000fae80000)
  from space 38400K, 63% used [0x00000000fae80000,0x00000000fc649520,0x00000000fd400000)
  to   space 39424K, 0% used [0x00000000fd980000,0x00000000fd980000,0x0000000100000000)
 ParOldGen       total 286720K, used 159869K [0x0000000080000000, 0x0000000091800000, 0x00000000d5580000)
  object space 286720K, 55% used [0x0000000080000000,0x0000000089c1f6e8,0x0000000091800000)
 Metaspace       used 115154K, capacity 119874K, committed 120744K, reserved 1155072K
  class space    used 14802K, capacity 15755K, committed 16064K, reserved 1048576K
Event: 3122.599 GC heap after
Heap after GC invocations=37 (full 5):
 PSYoungGen      total 659456K, used 21915K [0x00000000d5580000, 0x0000000100000000, 0x0000000100000000)
  eden space 620032K, 0% used [0x00000000d5580000,0x00000000d5580000,0x00000000fb300000)
  from space 39424K, 55% used [0x00000000fd980000,0x00000000feee6e80,0x0000000100000000)
  to   space 39424K, 0% used [0x00000000fb300000,0x00000000fb300000,0x00000000fd980000)
 ParOldGen       total 286720K, used 169808K [0x0000000080000000, 0x0000000091800000, 0x00000000d5580000)
  object space 286720K, 59% used [0x0000000080000000,0x000000008a5d4308,0x0000000091800000)
 Metaspace       used 115154K, capacity 119874K, committed 120744K, reserved 1155072K
  class space    used 14802K, capacity 15755K, committed 16064K, reserved 1048576K
}
Event: 3123.977 GC heap before
{Heap before GC invocations=38 (full 5):
 PSYoungGen      total 659456K, used 641947K [0x00000000d5580000, 0x0000000100000000, 0x0000000100000000)
  eden space 620032K, 100% used [0x00000000d5580000,0x00000000fb300000,0x00000000fb300000)
  from space 39424K, 55% used [0x00000000fd980000,0x00000000feee6e80,0x0000000100000000)
  to   space 39424K, 0% used [0x00000000fb300000,0x00000000fb300000,0x00000000fd980000)
 ParOldGen       total 286720K, used 169808K [0x0000000080000000, 0x0000000091800000, 0x00000000d5580000)
  object space 286720K, 59% used [0x0000000080000000,0x000000008a5d4308,0x0000000091800000)
 Metaspace       used 115175K, capacity 119942K, committed 120744K, reserved 1155072K
  class space    used 14802K, capacity 15755K, committed 16064K, reserved 1048576K
Event: 3124.024 GC heap after
Heap after GC invocations=38 (full 5):
 PSYoungGen      total 639488K, used 19405K [0x00000000d5580000, 0x00000000ffd00000, 0x0000000100000000)
  eden space 620032K, 0% used [0x00000000d5580000,0x00000000d5580000,0x00000000fb300000)
  from space 19456K, 99% used [0x00000000fb300000,0x00000000fc5f3720,0x00000000fc600000)
  to   space 37888K, 0% used [0x00000000fd800000,0x00000000fd800000,0x00000000ffd00000)
 ParOldGen       total 286720K, used 182744K [0x0000000080000000, 0x0000000091800000, 0x00000000d5580000)
  object space 286720K, 63% used [0x0000000080000000,0x000000008b276360,0x0000000091800000)
 Metaspace       used 115175K, capacity 119942K, committed 120744K, reserved 1155072K
  class space    used 14802K, capacity 15755K, committed 16064K, reserved 1048576K
}
Event: 3126.609 GC heap before
{Heap before GC invocations=39 (full 5):
 PSYoungGen      total 639488K, used 637880K [0x00000000d5580000, 0x00000000ffd00000, 0x0000000100000000)
  eden space 620032K, 99% used [0x00000000d5580000,0x00000000fb17aa90,0x00000000fb300000)
  from space 19456K, 99% used [0x00000000fb300000,0x00000000fc5f3720,0x00000000fc600000)
  to   space 37888K, 0% used [0x00000000fd800000,0x00000000fd800000,0x00000000ffd00000)
 ParOldGen       total 286720K, used 182744K [0x0000000080000000, 0x0000000091800000, 0x00000000d5580000)
  object space 286720K, 63% used [0x0000000080000000,0x000000008b276360,0x0000000091800000)
 Metaspace       used 115853K, capacity 120710K, committed 121256K, reserved 1155072K
  class space    used 14868K, capacity 15855K, committed 16064K, reserved 1048576K
Event: 3126.705 GC heap after
Heap after GC invocations=39 (full 5):
 PSYoungGen      total 621056K, used 37873K [0x00000000d5580000, 0x0000000100000000, 0x0000000100000000)
  eden space 583168K, 0% used [0x00000000d5580000,0x00000000d5580000,0x00000000f8f00000)
  from space 37888K, 99% used [0x00000000fd800000,0x00000000ffcfc418,0x00000000ffd00000)
  to   space 57856K, 0% used [0x00000000f8f00000,0x00000000f8f00000,0x00000000fc780000)
 ParOldGen       total 286720K, used 221216K [0x0000000080000000, 0x0000000091800000, 0x00000000d5580000)
  object space 286720K, 77% used [0x0000000080000000,0x000000008d808110,0x0000000091800000)
 Metaspace       used 115853K, capacity 120710K, committed 121256K, reserved 1155072K
  class space    used 14868K, capacity 15855K, committed 16064K, reserved 1048576K
}
Event: 3234.852 GC heap before
{Heap before GC invocations=40 (full 5):
 PSYoungGen      total 621056K, used 621041K [0x00000000d5580000, 0x0000000100000000, 0x0000000100000000)
  eden space 583168K, 100% used [0x00000000d5580000,0x00000000f8f00000,0x00000000f8f00000)
  from space 37888K, 99% used [0x00000000fd800000,0x00000000ffcfc418,0x00000000ffd00000)
  to   space 57856K, 0% used [0x00000000f8f00000,0x00000000f8f00000,0x00000000fc780000)
 ParOldGen       total 286720K, used 221216K [0x0000000080000000, 0x0000000091800000, 0x00000000d5580000)
  object space 286720K, 77% used [0x0000000080000000,0x000000008d808110,0x0000000091800000)
 Metaspace       used 117858K, capacity 123210K, committed 123560K, reserved 1157120K
  class space    used 15141K, capacity 16193K, committed 16320K, reserved 1048576K
Event: 3234.943 GC heap after
Heap after GC invocations=40 (full 5):
 PSYoungGen      total 641024K, used 23283K [0x00000000d5580000, 0x0000000100000000, 0x0000000100000000)
  eden space 583168K, 0% used [0x00000000d5580000,0x00000000d5580000,0x00000000f8f00000)
  from space 57856K, 40% used [0x00000000f8f00000,0x00000000fa5bcdb0,0x00000000fc780000)
  to   space 54784K, 0% used [0x00000000fca80000,0x00000000fca80000,0x0000000100000000)
 ParOldGen       total 286720K, used 251022K [0x0000000080000000, 0x0000000091800000, 0x00000000d5580000)
  object space 286720K, 87% used [0x0000000080000000,0x000000008f523bd0,0x0000000091800000)
 Metaspace       used 117858K, capacity 123210K, committed 123560K, reserved 1157120K
  class space    used 15141K, capacity 16193K, committed 16320K, reserved 1048576K
}

